<?xml version="1.0" encoding="UTF-8"?>
<testsuite xmlns:xsi="http://www.w3.org/2001/XMLSchema-instance" xsi:noNamespaceSchemaLocation="https://maven.apache.org/surefire/maven-surefire-plugin/xsd/surefire-test-report.xsd" version="3.0.2" name="com.enterprise.soap.tests.SoapApiTest$DeleteEmployee" time="0.262" tests="3" errors="0" skipped="0" failures="0">
  <properties>
[...]
</properties>
  <testcase name="deletesSuccessfully" classname="com.enterprise.soap.tests.SoapApiTest$DeleteEmployee" time="0.095"/>
  <testcase name="goneAfterDelete" classname="com.enterprise.soap.tests.SoapApiTest$DeleteEmployee" time="0.082"/>
  <testcase name="faultOnMissing" classname="com.enterprise.soap.tests.SoapApiTest$DeleteEmployee" time="0.082"/>
</testsuite>